<?xml version="1.0" encoding="UTF-8" ?>
<testsuite errors="0" failures="1" hostname="UAG-UFRPE" name="Notification" tests="2" time="5.204" timestamp="2017-03-03T00:39:28">
  <properties />
  <testcase classname="grails.plugin.cucumber.CucumberTest" name="Update a report" time="0.13" />
  <testcase classname="grails.plugin.cucumber.CucumberTest" name="Show the students list in the &quot;70% of evaluations are over the class average&quot; report" time="5.044">
    <failure message="title ==~/Report List/&#xa;|     |&#xa;|     false&#xa;Show Report" type="grails.plugin.cucumber.FakeAssertionFailedError">Assertion failed: 

title ==~/Report List/
|     |
|     false
Show Report

	at pages.ReportsPages.ShowReportsPage$__clinit__closure1.doCall(ShowReportsPage.groovy:11)
	at geb.Page.verifyThisPageAtOnly(Page.groovy:228)
	at geb.Page.verifyAt(Page.groovy:182)
	at geb.Browser.doAt(Browser.groovy:454)
	at geb.Browser.at(Browser.groovy:336)
	at geb.binding.BindingUpdater$InvocationForwarding.doCall(BindingUpdater.groovy:73)
	at steps.StepDefReport$_run_closure8.doCall(StepDefReport.groovy:74)
	at ✽.Then I should see the details related to the &quot;70% of evaluations are over the class average&quot; report(Notificacao.feature:33)
</failure>
  </testcase>
  <system-out><![CDATA[Feature: Notification
    As an administrator
    I want to be notified about the students issues without searching for their historic
    So I can know who has its performance under the class evaluations average quickly

--Output from Update a report--
--Output from Show the students list in the "70% of evaluations are over the class average" report--
  ##GUI
  #  Scenario: Be notified about the students's performance issues
  #    Given I am at the home page
  #    When I go to the Reports page
  #    Then the item "Reports" on the menu will show if there are new notifications
  #
  #
  ##GUI
  #  Scenario: Notify new report type
  #    Given that the report with name "70% of evaluations are MPA", evaluation "MPA", type "Porcentagem", value "0.7" is in the system
  #    And I am in the Evaluation page
  #    When I add the evaluation "MPA" to the student "Joan", login "jsd"
  #    Then 70% of his evaluations are composed of "MPA"
  #    And I should see a new notification related to the new report type
  #
  #Controller
  Scenario: Update a report                                                                                                                                                         # Notificacao.feature:22
    Given that report with name "70% of evaluations are MANA", evaluation "MANA", type "Porcentagem", value "0.7" is in the system                                                  # StepDefReport.groovy:21
    When I add the evaluation "MANA" in the criterion "blah blah" with origin "Mini-Test" and date "26/04/2016" to the student with name "Saulo Henrique Dias" and the login "shd2" # StepDefReport.groovy:29
    Then 70% of the student "shd2" evaluations are composed of "MANA"                                                                                                               # StepDefReport.groovy:37
    And the report "70% of evaluations are MANA" is updated adding the student with login "shd2"                                                                                    # StepDefReport.groovy:42

  #GUI
  Scenario: Show the students list in the "70% of evaluations are over the class average" report                                   # Notificacao.feature:29
    Given I am in the Report page                                                                                                  # StepDefReport.groovy:53
    And I try to create the report named "70% of evaluations are over the class average", type "Media", value "0", evaluation "MA" # StepDefReport.groovy:57
    When I select the "70% of evaluations are over the class average" report                                                       # StepDefReport.groovy:69
    Then I should see the details related to the "70% of evaluations are over the class average" report                            # StepDefReport.groovy:73
      Assertion failed: 
      
      title ==~/Report List/
      |     |
      |     false
      Show Report
      
      	at pages.ReportsPages.ShowReportsPage$__clinit__closure1.doCall(ShowReportsPage.groovy:11)
      	at pages.ReportsPages.ShowReportsPage$__clinit__closure1.doCall(ShowReportsPage.groovy)
      	at geb.Page.verifyThisPageAtOnly(Page.groovy:228)
      	at geb.Page.verifyAt(Page.groovy:182)
      	at geb.Page$verifyAt$4.call(Unknown Source)
      	at geb.Page$verifyAt$4.call(Unknown Source)
      	at geb.Browser.doAt(Browser.groovy:454)
      	at geb.Browser.at(Browser.groovy:336)
      	at geb.binding.BindingUpdater$InvocationForwarding.doCall(BindingUpdater.groovy:73)
      	at steps.StepDefReport$_run_closure8.doCall(StepDefReport.groovy:74)
      	at âœ½.Then I should see the details related to the "70% of evaluations are over the class average" report(Notificacao.feature:33)

]]></system-out>
  <system-err><![CDATA[
--Output from Update a report--
--Output from Show the students list in the "70% of evaluations are over the class average" report--]]></system-err>
</testsuite>
