<?xml version="1.0" encoding="UTF-8" ?>
<testsuite errors="0" failures="1" hostname="DESKTOP-S5990V7" name="Remove Criterion" tests="2" time="10.323" timestamp="2017-03-03T02:01:14">
  <properties />
  <testcase classname="grails.plugin.cucumber.CucumberTest" name="Remove a criterion with students and evaluations using it" time="10.104">
    <failure message="assert page.selectDeleteCriterion()&#xa;       |    |&#xa;       |    false&#xa;       pages.ShowCriterionPage" type="grails.plugin.cucumber.FakeAssertionFailedError">Assertion failed: 

assert page.selectDeleteCriterion()
       |    |
       |    false
       pages.ShowCriterionPage

	at steps.RemoveCriterionSteps$_run_closure3.doCall(RemoveCriterionSteps.groovy:51)
	at ✽.When I remove the criterion &quot;TEORICA&quot;(RemoveCriterion.feature:12)
</failure>
  </testcase>
  <testcase classname="grails.plugin.cucumber.CucumberTest" name="Remove a criterion from the system" time="0.132" />
  <system-out><![CDATA[#Arthur Lapprand
Feature: Remove Criterion
  As the teacher
  I want to remove a Criterion from the system
  So that Criterion is not affecting student average anymore

--Output from Remove a criterion with students and evaluations using it--
--Output from Remove a criterion from the system--
  #GUI Scenario
  Scenario: Remove a criterion with students and evaluations using it                   # RemoveCriterion.feature:9
    Given a student with name "Zeca" and login "zc" is already on the system            # RemoveCriterionSteps.groovy:25
    And this student has an evaluation in criterion "TEORICA"                           # RemoveCriterionSteps.groovy:33
    When I remove the criterion "TEORICA"                                               # RemoveCriterionSteps.groovy:45
      Assertion failed: 
      
      assert page.selectDeleteCriterion()
             |    |
             |    false
             pages.ShowCriterionPage
      
      	at steps.RemoveCriterionSteps$_run_closure3.doCall(RemoveCriterionSteps.groovy:51)
      	at âœ½.When I remove the criterion "TEORICA"(RemoveCriterion.feature:12)

    Then I should not see the criterion "TEORICA" listed in the student with login "zc" # RemoveCriterionSteps.groovy:54

  #Controller Scenario
  Scenario: Remove a criterion from the system                                                                    # RemoveCriterion.feature:16
    Given the system has a student with name "Jose" and login "jj"                                                # RemoveCriterionSteps.groovy:67
    And that student has a "MA" evaluation in criterion "GDI" with origin "Test" and applicationDate "21/12/1992" # RemoveCriterionSteps.groovy:74
    When I remove the criterion "GDI" from the student "Jose" with login "jj"                                     # RemoveCriterionSteps.groovy:81
    Then the system correctly removes the criterion                                                               # RemoveCriterionSteps.groovy:88
]]></system-out>
  <system-err><![CDATA[
--Output from Remove a criterion with students and evaluations using it--
--Output from Remove a criterion from the system--]]></system-err>
</testsuite>
