<?xml version="1.0" encoding="UTF-8" ?>
<testsuite errors="0" failures="1" hostname="DESKTOP-N49IB15"
	name="Remove Evaluation" tests="2" time="4.435" timestamp="2016-10-01T18:50:43">
	<properties />
	<testcase classname="grails.plugin.cucumber.CucumberTest"
		name="Remove evaluations in different criterion from a student" time="4.323">
		<failure
			message="title ==~ /Show EvaluationsByCriterion/&#xa;|     |&#xa;|     false&#xa;Show Student"
			type="grails.plugin.cucumber.FakeAssertionFailedError">Assertion failed:

			title ==~ /Show EvaluationsByCriterion/
			| |
			| false
			Show Student

			at
			pages.ShowEvaluationByCriterionPage$__clinit__closure1.doCall(ShowEvaluationByCriterionPage.groovy:12)
			at geb.Page.verifyThisPageAtOnly(Page.groovy:228)
			at geb.Page.verifyAt(Page.groovy:182)
			at geb.Browser.doAt(Browser.groovy:454)
			at geb.Browser.at(Browser.groovy:336)
			at
			geb.binding.BindingUpdater$InvocationForwarding.doCall(BindingUpdater.groovy:73)
			at
			steps.RemoveEvaluationSteps$_run_closure4.doCall(RemoveEvaluationSteps.groovy:75)
			at ✽.When I remove the evaluation
			&quot;MA&quot;(RemoveEvaluation.feature:13)
		</failure>
	</testcase>
	<testcase classname="grails.plugin.cucumber.CucumberTest"
		name="Remove an Evaluation from a Student" time="0.082" />
	<system-out><![CDATA[#Arthur Lapprand
Feature: Remove Evaluation
  As the teacher
  I want to remove an Evaluation from a Student
  So I can correct the Student overall evaluation

--Output from Remove evaluations in different criterion from a student--
--Output from Remove an Evaluation from a Student--
  #GUI Scenario
  Scenario: Remove evaluations in different criterion from a student            # RemoveEvaluation.feature:9
    Given the system already has a student with name "Student 1" and login "s1" # RemoveEvaluationSteps.groovy:25
    And this student has "MA" evaluation in criterion "SI"                      # RemoveEvaluationSteps.groovy:34
    And has a "MANA" evaluation in criterion "PLC"                              # RemoveEvaluationSteps.groovy:47
    When I remove the evaluation "MA"                                           # RemoveEvaluationSteps.groovy:67
      Assertion failed: 
      
      title ==~ /Show EvaluationsByCriterion/
      |     |
      |     false
      Show Student
      
      	at pages.ShowEvaluationByCriterionPage$__clinit__closure1.doCall(ShowEvaluationByCriterionPage.groovy:12)
      	at pages.ShowEvaluationByCriterionPage$__clinit__closure1.doCall(ShowEvaluationByCriterionPage.groovy)
      	at geb.Page.verifyThisPageAtOnly(Page.groovy:228)
      	at geb.Page.verifyAt(Page.groovy:182)
      	at geb.Page$verifyAt$4.call(Unknown Source)
      	at geb.Page$verifyAt$4.call(Unknown Source)
      	at geb.Browser.doAt(Browser.groovy:454)
      	at geb.Browser.at(Browser.groovy:336)
      	at geb.binding.BindingUpdater$InvocationForwarding.doCall(BindingUpdater.groovy:73)
      	at steps.RemoveEvaluationSteps$_run_closure4.doCall(RemoveEvaluationSteps.groovy:75)
      	at âœ½.When I remove the evaluation "MA"(RemoveEvaluation.feature:13)

    Then I should not see it listed in the student                              # RemoveEvaluationSteps.groovy:81

  #Controller Scenario
  Scenario: Remove an Evaluation from a Student                                                                                                              # RemoveEvaluation.feature:17
    Given the system has a student registered with name "Fulano Detal" and login "fd"                                                                        # RemoveEvaluationSteps.groovy:94
    And this student has a "MA" evaluation in criterion "ESS" with origin "Test" and applicationDate "21/12/1992"                                            # RemoveEvaluationSteps.groovy:101
    When I remove the evaluation "MA" in criterion "ESS" with origin "Test" and applicationDate "21/12/1992" from the student "Fulano Detal" with login "fd" # RemoveEvaluationSteps.groovy:109
    Then the system correctly removes the evaluation                                                                                                         # RemoveEvaluationSteps.groovy:135
]]></system-out>
	<system-err><![CDATA[
--Output from Remove evaluations in different criterion from a student--
--Output from Remove an Evaluation from a Student--]]></system-err>
</testsuite>
