<?xml version="1.0" encoding="UTF-8" ?>
<testsuite errors="0" failures="0" hostname="DESKTOP-S5990V7" name="Add Criterion" tests="3" time="35.016" timestamp="2017-02-23T13:16:50">
  <properties />
  <testcase classname="grails.plugin.cucumber.CucumberTest" name="Register a criterion that does not exist" time="1.946" />
  <testcase classname="grails.plugin.cucumber.CucumberTest" name="Register a criterion that already exists" time="0.136" />
  <testcase classname="grails.plugin.cucumber.CucumberTest" name="Error when registering a criterion that already exists" time="14.05" />
  <system-out><![CDATA[#Esta feature Ã© a feature inicial, idealizada antes da iteraÃ§Ã£o de imlementar features.
#Portanto, serÃ¡ descartada dos testes finais visto que nÃ£o faz uso de mÃ©todos de controlador que nÃ£o sejam
#Gerados automaticamente.
#Arthur Lapprand
Feature: Add Criterion
  As the teacher
  I want to be able to register new criteria
  So I can evaluate the students with these criteria

--Output from Register a criterion that does not exist--
--Output from Register a criterion that already exists--
  #Controller Scenario
  Scenario: Register a criterion that does not exist        # AddCriterion.feature:12
    Given the criterion with name "P1" is not on the system # AddCriterionSteps.groovy:38
    When I create the criterion "P1"                        # AddCriterionSteps.groovy:43
    Then the criterion "P1" is properly added to the system # AddCriterionSteps.groovy:48

--Output from Error when registering a criterion that already exists--
  #Controller Scenario
  Scenario: Register a criterion that already exists            # AddCriterion.feature:18
    Given the criterion named "P2" already exists on the system # AddCriterionSteps.groovy:59
    When I create the criterion with description "P2"           # AddCriterionSteps.groovy:66
    Then the system does nothing                                # AddCriterionSteps.groovy:70

  #GUI Scenario
  Scenario: Error when registering a criterion that already exists            # AddCriterion.feature:24
    Given the criterion "P3" already exists                                   # AddCriterionSteps.groovy:82
    And I am on the Add Criterion page                                        # AddCriterionSteps.groovy:90
    When I add the criterion "P3"                                             # AddCriterionSteps.groovy:95
    Then I should see a message related to the criterion registration failure # AddCriterionSteps.groovy:101
]]></system-out>
  <system-err><![CDATA[
--Output from Register a criterion that does not exist--
--Output from Register a criterion that already exists--
--Output from Error when registering a criterion that already exists--]]></system-err>
</testsuite>
